TN:
SF:src/genDiff.js
FN:7,(anonymous_0)
FN:19,(anonymous_1)
FN:22,(anonymous_2)
FNF:3
FNH:3
FNDA:1,(anonymous_0)
FNDA:1,(anonymous_1)
FNDA:5,(anonymous_2)
DA:5,1
DA:7,1
DA:8,1
DA:9,1
DA:10,1
DA:11,1
DA:12,1
DA:14,0
DA:15,0
DA:17,1
DA:18,1
DA:19,1
DA:20,1
DA:21,1
DA:22,1
DA:23,5
DA:24,5
DA:25,5
DA:26,1
DA:28,4
DA:29,2
DA:31,2
DA:32,1
DA:34,1
DA:37,1
LF:25
LH:23
BRDA:10,0,0,1
BRDA:10,0,1,0
BRDA:25,1,0,1
BRDA:25,1,1,4
BRDA:28,2,0,2
BRDA:28,2,1,2
BRDA:31,3,0,1
BRDA:31,3,1,1
BRF:8
BRH:7
end_of_record
